{"name":"verifyAcceptAlert","status":"broken","statusDetails":{"known":false,"muted":false,"flaky":false,"message":"java.lang.reflect.InvocationTargetException\nBuild info: version: '3.141.59', revision: 'e82be7d358', time: '2018-11-14T08:17:03'\nSystem info: host: 'bupmin.local', ip: 'fe80:0:0:0:102b:3cb1:4913:4d87%en0', os.name: 'Mac OS X', os.arch: 'aarch64', os.version: '13.4', java.version: '18.0.1.1'\nDriver info: driver.version: RemoteWebDriver","trace":"org.openqa.selenium.json.JsonException: java.lang.reflect.InvocationTargetException\nBuild info: version: '3.141.59', revision: 'e82be7d358', time: '2018-11-14T08:17:03'\nSystem info: host: 'bupmin.local', ip: 'fe80:0:0:0:102b:3cb1:4913:4d87%en0', os.name: 'Mac OS X', os.arch: 'aarch64', os.version: '13.4', java.version: '18.0.1.1'\nDriver info: driver.version: RemoteWebDriver\n\tat org.openqa.selenium.json.JsonOutput.convertUsingMethod(JsonOutput.java:332)\n\tat org.openqa.selenium.json.JsonOutput.lambda$new$16(JsonOutput.java:155)\n\tat org.openqa.selenium.json.JsonOutput.write(JsonOutput.java:264)\n\tat org.openqa.selenium.json.JsonOutput.lambda$null$21(JsonOutput.java:168)\n\tat java.base/java.util.LinkedHashMap$LinkedValues.forEach(LinkedHashMap.java:647)\n\tat org.openqa.selenium.json.JsonOutput.lambda$new$22(JsonOutput.java:168)\n\tat org.openqa.selenium.json.JsonOutput.write(JsonOutput.java:264)\n\tat org.openqa.selenium.json.JsonOutput.lambda$null$23(JsonOutput.java:177)\n\tat com.google.common.collect.SingletonImmutableBiMap.forEach(SingletonImmutableBiMap.java:66)\n\tat org.openqa.selenium.json.JsonOutput.lambda$new$24(JsonOutput.java:176)\n\tat org.openqa.selenium.json.JsonOutput.write(JsonOutput.java:264)\n\tat org.openqa.selenium.json.JsonOutput.write(JsonOutput.java:255)\n\tat org.openqa.selenium.json.Json.toJson(Json.java:42)\n\tat org.openqa.selenium.remote.http.AbstractHttpCommandCodec.encode(AbstractHttpCommandCodec.java:227)\n\tat org.openqa.selenium.remote.http.AbstractHttpCommandCodec.encode(AbstractHttpCommandCodec.java:117)\n\tat org.openqa.selenium.remote.HttpCommandExecutor.execute(HttpCommandExecutor.java:152)\n\tat org.openqa.selenium.remote.service.DriverCommandExecutor.execute(DriverCommandExecutor.java:83)\n\tat org.openqa.selenium.remote.RemoteWebDriver.execute(RemoteWebDriver.java:552)\n\tat org.openqa.selenium.remote.RemoteWebDriver.perform(RemoteWebDriver.java:618)\n\tat org.openqa.selenium.interactions.Actions$BuiltAction.perform(Actions.java:639)\n\tat core.actionkeyword.ActionKeyword.click(ActionKeyword.java:56)\n\tat page.HomeTestPage.goToPage(HomeTestPage.java:52)\n\tat testcase.DialogTest.verifyAcceptAlert(DialogTest.java:9)\n\tat java.base/jdk.internal.reflect.DirectMethodHandleAccessor.invoke(DirectMethodHandleAccessor.java:104)\n\tat java.base/java.lang.reflect.Method.invoke(Method.java:577)\n\tat org.testng.internal.invokers.MethodInvocationHelper.invokeMethod(MethodInvocationHelper.java:139)\n\tat org.testng.internal.invokers.TestInvoker.invokeMethod(TestInvoker.java:677)\n\tat org.testng.internal.invokers.TestInvoker.invokeTestMethod(TestInvoker.java:221)\n\tat org.testng.internal.invokers.MethodRunner.runInSequence(MethodRunner.java:50)\n\tat org.testng.internal.invokers.TestInvoker$MethodInvocationAgent.invoke(TestInvoker.java:962)\n\tat org.testng.internal.invokers.TestInvoker.invokeTestMethods(TestInvoker.java:194)\n\tat org.testng.internal.invokers.TestMethodWorker.invokeTestMethods(TestMethodWorker.java:148)\n\tat org.testng.internal.invokers.TestMethodWorker.run(TestMethodWorker.java:128)\n\tat java.base/java.util.ArrayList.forEach(ArrayList.java:1511)\n\tat org.testng.TestRunner.privateRun(TestRunner.java:806)\n\tat org.testng.TestRunner.run(TestRunner.java:601)\n\tat org.testng.SuiteRunner.runTest(SuiteRunner.java:433)\n\tat org.testng.SuiteRunner.runSequentially(SuiteRunner.java:427)\n\tat org.testng.SuiteRunner.privateRun(SuiteRunner.java:387)\n\tat org.testng.SuiteRunner.run(SuiteRunner.java:330)\n\tat org.testng.SuiteRunnerWorker.runSuite(SuiteRunnerWorker.java:52)\n\tat org.testng.SuiteRunnerWorker.run(SuiteRunnerWorker.java:95)\n\tat org.testng.TestNG.runSuitesSequentially(TestNG.java:1256)\n\tat org.testng.TestNG.runSuitesLocally(TestNG.java:1176)\n\tat org.testng.TestNG.runSuites(TestNG.java:1099)\n\tat org.testng.TestNG.run(TestNG.java:1067)\n\tat com.intellij.rt.testng.IDEARemoteTestNG.run(IDEARemoteTestNG.java:66)\n\tat com.intellij.rt.testng.RemoteTestNGStarter.main(RemoteTestNGStarter.java:105)\n\tSuppressed: org.openqa.selenium.json.JsonException: Attempting to close incomplete json stream\nBuild info: version: '3.141.59', revision: 'e82be7d358', time: '2018-11-14T08:17:03'\nSystem info: host: 'bupmin.local', ip: 'fe80:0:0:0:102b:3cb1:4913:4d87%en0', os.name: 'Mac OS X', os.arch: 'aarch64', os.version: '13.4', java.version: '18.0.1.1'\nDriver info: driver.version: RemoteWebDriver\n\t\tat org.openqa.selenium.json.JsonOutput.close(JsonOutput.java:279)\n\t\tat org.openqa.selenium.json.Json.toJson(Json.java:44)\n\t\t... 35 more\nCaused by: java.lang.reflect.InvocationTargetException\n\tat java.base/jdk.internal.reflect.DirectMethodHandleAccessor.invoke(DirectMethodHandleAccessor.java:119)\n\tat java.base/java.lang.reflect.Method.invoke(Method.java:577)\n\tat org.openqa.selenium.json.JsonOutput.convertUsingMethod(JsonOutput.java:328)\n\t... 47 more\nCaused by: org.openqa.selenium.NoSuchElementException: no such element: Unable to locate element: {\"method\":\"partial link text\",\"selector\":\"Edit\"}\n  (Session info: chrome=115.0.5790.114)\nFor documentation on this error, please visit: https://www.seleniumhq.org/exceptions/no_such_element.html\nBuild info: version: '3.141.59', revision: 'e82be7d358', time: '2018-11-14T08:17:03'\nSystem info: host: 'bupmin.local', ip: 'fe80:0:0:0:102b:3cb1:4913:4d87%en0', os.name: 'Mac OS X', os.arch: 'aarch64', os.version: '13.4', java.version: '18.0.1.1'\nDriver info: org.openqa.selenium.chrome.ChromeDriver\nCapabilities {acceptInsecureCerts: false, browserName: chrome, browserVersion: 115.0.5790.114, chrome: {chromedriverVersion: 114.0.5735.90 (386bc09e8f4f..., userDataDir: /var/folders/5p/5ptgbq7x6vz...}, goog:chromeOptions: {debuggerAddress: localhost:56878}, javascriptEnabled: true, networkConnectionEnabled: false, pageLoadStrategy: normal, platform: MAC, platformName: MAC, proxy: Proxy(), setWindowRect: true, strictFileInteractability: false, timeouts: {implicit: 0, pageLoad: 300000, script: 30000}, unhandledPromptBehavior: dismiss and notify, webauthn:extension:credBlob: true, webauthn:extension:largeBlob: true, webauthn:extension:minPinLength: true, webauthn:extension:prf: true, webauthn:virtualAuthenticators: true}\nSession ID: 26d865a3e7e5ae24864d7a6733dd4d0b\n*** Element info: {Using=partial link text, value=Edit}\n\tat java.base/jdk.internal.reflect.DirectConstructorHandleAccessor.newInstance(DirectConstructorHandleAccessor.java:67)\n\tat java.base/java.lang.reflect.Constructor.newInstanceWithCaller(Constructor.java:499)\n\tat java.base/java.lang.reflect.Constructor.newInstance(Constructor.java:483)\n\tat org.openqa.selenium.remote.http.W3CHttpResponseCodec.createException(W3CHttpResponseCodec.java:187)\n\tat org.openqa.selenium.remote.http.W3CHttpResponseCodec.decode(W3CHttpResponseCodec.java:122)\n\tat org.openqa.selenium.remote.http.W3CHttpResponseCodec.decode(W3CHttpResponseCodec.java:49)\n\tat org.openqa.selenium.remote.HttpCommandExecutor.execute(HttpCommandExecutor.java:158)\n\tat org.openqa.selenium.remote.service.DriverCommandExecutor.execute(DriverCommandExecutor.java:83)\n\tat org.openqa.selenium.remote.RemoteWebDriver.execute(RemoteWebDriver.java:552)\n\tat org.openqa.selenium.remote.RemoteWebDriver.findElement(RemoteWebDriver.java:323)\n\tat org.openqa.selenium.remote.RemoteWebDriver.findElementByPartialLinkText(RemoteWebDriver.java:388)\n\tat org.openqa.selenium.By$ByPartialLinkText.findElement(By.java:250)\n\tat org.openqa.selenium.remote.RemoteWebDriver.findElement(RemoteWebDriver.java:315)\n\tat org.openqa.selenium.support.pagefactory.DefaultElementLocator.findElement(DefaultElementLocator.java:69)\n\tat org.openqa.selenium.support.pagefactory.internal.LocatingElementHandler.invoke(LocatingElementHandler.java:38)\n\tat jdk.proxy2/jdk.proxy2.$Proxy10.getWrappedElement(Unknown Source)\n\tat org.openqa.selenium.interactions.PointerInput$Origin.asArg(PointerInput.java:204)\n\tat org.openqa.selenium.interactions.PointerInput$Move.encode(PointerInput.java:155)\n\tat org.openqa.selenium.interactions.Sequence.encode(Sequence.java:75)\n\tat org.openqa.selenium.interactions.Sequence.toJson(Sequence.java:84)\n\tat java.base/jdk.internal.reflect.DirectMethodHandleAccessor.invoke(DirectMethodHandleAccessor.java:104)\n\t... 49 more\n"},"stage":"finished","steps":[],"attachments":[{"name":"Image: Home Page","source":"9a53e644-6aa9-4764-a03a-a694e9f41611-attachment","type":"image/png"},{"name":"Image: After click on 'Dialog' to going to Dialog page","source":"80b1106f-a3a6-44ea-bd2f-c7c1a8a561e9-attachment","type":"image/png"}],"parameters":[],"start":1690875934435,"stop":1690875935834,"uuid":"c5167a46-03e6-4002-9a47-56e43b6953f5","historyId":"e7b65f8facf0cb67d99310492eb351ec","fullName":"testcase.DialogTest.verifyAcceptAlert","labels":[{"name":"package","value":"testcase.DialogTest"},{"name":"testClass","value":"testcase.DialogTest"},{"name":"testMethod","value":"verifyAcceptAlert"},{"name":"parentSuite","value":"Default Suite"},{"name":"suite","value":"LetCode"},{"name":"subSuite","value":"testcase.DialogTest"},{"name":"host","value":"bupmin.local"},{"name":"thread","value":"59645@bupmin.local.main(1)"},{"name":"framework","value":"testng"},{"name":"language","value":"java"}],"links":[]}